\BOOKMARK [1][-]{section.1}{\376\377\000P\000u\000r\000p\000o\000s\000e\000\040\000a\000n\000d\000\040\000c\000o\000n\000v\000e\000n\000t\000i\000o\000n\000s}{}% 1
\BOOKMARK [1][-]{section.2}{\376\377\000C\000h\000r\000o\000n\000o\000l\000o\000g\000i\000c\000a\000l\000\040\000d\000e\000v\000e\000l\000o\000p\000m\000e\000n\000t\000\040\000s\000u\000m\000m\000a\000r\000y}{}% 2
\BOOKMARK [2][-]{subsection.2.1}{\376\377\0002\0005\000\040\000O\000c\000t\000o\000b\000e\000r\000\040\0002\0000\0002\0005}{section.2}% 3
\BOOKMARK [2][-]{subsection.2.2}{\376\377\0002\0001\000\040\000N\000o\000v\000e\000m\000b\000e\000r\000\040\0002\0000\0002\0005}{section.2}% 4
\BOOKMARK [2][-]{subsection.2.3}{\376\377\0002\0006\000\040\000N\000o\000v\000e\000m\000b\000e\000r\000\040\0002\0000\0002\0005}{section.2}% 5
\BOOKMARK [2][-]{subsection.2.4}{\376\377\0008\000\040\000D\000e\000c\000e\000m\000b\000e\000r\000\040\0002\0000\0002\0005}{section.2}% 6
\BOOKMARK [2][-]{subsection.2.5}{\376\377\0001\0000\000\040\000D\000e\000c\000e\000m\000b\000e\000r\000\040\0002\0000\0002\0005}{section.2}% 7
\BOOKMARK [2][-]{subsection.2.6}{\376\377\0001\0004\000\040\000D\000e\000c\000e\000m\000b\000e\000r\000\040\0002\0000\0002\0005}{section.2}% 8
\BOOKMARK [2][-]{subsection.2.7}{\376\377\0001\0000\000\040\000F\000e\000b\000r\000u\000a\000r\000y\000\040\0002\0000\0002\0006}{section.2}% 9
\BOOKMARK [2][-]{subsection.2.8}{\376\377\0001\0004\000\040\000F\000e\000b\000r\000u\000a\000r\000y\000\040\0002\0000\0002\0006}{section.2}% 10
\BOOKMARK [2][-]{subsection.2.9}{\376\377\0001\0006\000\040\000F\000e\000b\000r\000u\000a\000r\000y\000\040\0002\0000\0002\0006}{section.2}% 11
\BOOKMARK [2][-]{subsection.2.10}{\376\377\0001\0007\000\040\000F\000e\000b\000r\000u\000a\000r\000y\000\040\0002\0000\0002\0006}{section.2}% 12
\BOOKMARK [2][-]{subsection.2.11}{\376\377\0001\0008\000\040\000F\000e\000b\000r\000u\000a\000r\000y\000\040\0002\0000\0002\0006}{section.2}% 13
\BOOKMARK [2][-]{subsection.2.12}{\376\377\0006\000\040\000M\000a\000r\000c\000h\000\040\0002\0000\0002\0006}{section.2}% 14
\BOOKMARK [2][-]{subsection.2.13}{\376\377\0002\0001\000\040\000A\000p\000r\000i\000l\000\040\0002\0000\0002\0006}{section.2}% 15
\BOOKMARK [2][-]{subsection.2.14}{\376\377\0002\000\040\000M\000a\000y\000\040\0002\0000\0002\0006\000\040\000\050\0007\000d\000c\0009\000c\000c\0009\0003\000\051}{section.2}% 16
\BOOKMARK [2][-]{subsection.2.15}{\376\377\0003\000\040\000M\000a\000y\000\040\0002\0000\0002\0006\000\040\000\050\0003\000f\0006\0009\0008\0009\000f\000d\000\051}{section.2}% 17
\BOOKMARK [2][-]{subsection.2.16}{\376\377\0006\000\040\000M\000a\000y\000\040\0002\0000\0002\0006\000\040\000\050\0000\000c\0004\0001\000c\0007\0005\000e\000\051}{section.2}% 18
\BOOKMARK [1][-]{section.3}{\376\377\000S\000u\000g\000g\000e\000s\000t\000e\000d\000\040\000m\000a\000i\000n\000t\000e\000n\000a\000n\000c\000e}{}% 19
\BOOKMARK [1][-]{section.4}{\376\377\000C\000o\000m\000p\000i\000l\000a\000t\000i\000o\000n}{}% 20
